{
  "stats": {
    "suites": 2,
    "tests": 2,
    "passes": 2,
    "pending": 0,
    "failures": 0,
    "start": "2020-03-04T03:15:00.159Z",
    "end": "2020-03-04T03:15:00.174Z",
    "duration": 15,
    "testsRegistered": 2,
    "passPercent": 100,
    "pendingPercent": 0,
    "other": 0,
    "hasOther": false,
    "skipped": 0,
    "hasSkipped": false
  },
  "results": [
    {
      "uuid": "7682b273-11fa-4ce9-82de-924f804f2981",
      "title": "",
      "fullFile": "",
      "file": "",
      "beforeHooks": [],
      "afterHooks": [],
      "tests": [],
      "suites": [
        {
          "uuid": "c5d401a5-8a6d-48e5-b726-8b54f6310ffb",
          "title": "Testing pluralize in example.js",
          "fullFile": "/home/erud1t3/Desktop/College/Spring2020/Software-Testing-2/Assignments/Mocha-Testing-CI/test/example.test.js",
          "file": "/test/example.test.js",
          "beforeHooks": [],
          "afterHooks": [],
          "tests": [
            {
              "title": "keeps singular when count is 1",
              "fullTitle": "Testing pluralize in example.js keeps singular when count is 1",
              "timedOut": false,
              "duration": 1,
              "state": "passed",
              "speed": "fast",
              "pass": true,
              "fail": false,
              "pending": false,
              "context": null,
              "code": "assert.strictEqual(pluralize(1, 'cat'), '1 cat');",
              "err": {},
              "uuid": "8366583c-b5f6-4bd2-9d9c-735708bb6bb4",
              "parentUUID": "c5d401a5-8a6d-48e5-b726-8b54f6310ffb",
              "isHook": false,
              "skipped": false
            }
          ],
          "suites": [],
          "passes": [
            "8366583c-b5f6-4bd2-9d9c-735708bb6bb4"
          ],
          "failures": [],
          "pending": [],
          "skipped": [],
          "duration": 1,
          "root": false,
          "rootEmpty": false,
          "_timeout": 2000
        },
        {
          "uuid": "77ce0c0e-0d74-41b6-9a1e-27f5d5388c6b",
          "title": "Testing main page in app.js",
          "fullFile": "/home/erud1t3/Desktop/College/Spring2020/Software-Testing-2/Assignments/Mocha-Testing-CI/test/hello.test.js",
          "file": "/test/hello.test.js",
          "beforeHooks": [],
          "afterHooks": [],
          "tests": [
            {
              "title": "Main page message",
              "fullTitle": "Testing main page in app.js Main page message",
              "timedOut": false,
              "duration": 3,
              "state": "passed",
              "speed": "fast",
              "pass": true,
              "fail": false,
              "pending": false,
              "context": null,
              "code": "let msg = hellofn()\nexpect(msg).to.equal('Hello World! from Dev Server');\ndone();",
              "err": {},
              "uuid": "1afd4357-ab5b-4171-98e7-d9ffbe6a3d6b",
              "parentUUID": "77ce0c0e-0d74-41b6-9a1e-27f5d5388c6b",
              "isHook": false,
              "skipped": false
            }
          ],
          "suites": [],
          "passes": [
            "1afd4357-ab5b-4171-98e7-d9ffbe6a3d6b"
          ],
          "failures": [],
          "pending": [],
          "skipped": [],
          "duration": 3,
          "root": false,
          "rootEmpty": false,
          "_timeout": 2000
        }
      ],
      "passes": [],
      "failures": [],
      "pending": [],
      "skipped": [],
      "duration": 0,
      "root": true,
      "rootEmpty": true,
      "_timeout": 2000
    }
  ],
  "meta": {
    "mocha": {
      "version": "7.1.0"
    },
    "mochawesome": {
      "options": {
        "quiet": false,
        "reportFilename": "mochawesome",
        "saveHtml": true,
        "saveJson": true,
        "consoleReporter": "spec",
        "useInlineDiffs": false,
        "code": true
      },
      "version": "5.0.0"
    },
    "marge": {
      "options": null,
      "version": "4.1.0"
    }
  }
}