{
  "stats": {
    "suites": 2,
    "tests": 2,
    "passes": 2,
    "pending": 0,
    "failures": 0,
    "start": "2020-03-04T02:57:00.066Z",
    "end": "2020-03-04T02:57:00.085Z",
    "duration": 19,
    "testsRegistered": 2,
    "passPercent": 100,
    "pendingPercent": 0,
    "other": 0,
    "hasOther": false,
    "skipped": 0,
    "hasSkipped": false
  },
  "results": [
    {
      "uuid": "61ada675-a391-4fed-b72e-541801e64c8a",
      "title": "",
      "fullFile": "",
      "file": "",
      "beforeHooks": [],
      "afterHooks": [],
      "tests": [],
      "suites": [
        {
          "uuid": "99005621-7f09-4f95-9fda-74f227d5ff59",
          "title": "Testing mian page in app.js",
          "fullFile": "/home/erud1t3/Desktop/College/Spring2020/Software-Testing-2/Assignments/Mocha-Testing-CI/test/app.test.js",
          "file": "/test/app.test.js",
          "beforeHooks": [],
          "afterHooks": [],
          "tests": [
            {
              "title": "Main page content",
              "fullTitle": "Testing mian page in app.js Main page content",
              "timedOut": false,
              "duration": 13,
              "state": "passed",
              "speed": "fast",
              "pass": true,
              "fail": false,
              "pending": false,
              "context": null,
              "code": "request('http://localhost:8080', function (error, response, body) {\n    expect(body).to.equal('Hello World');\n    done();\n});",
              "err": {},
              "uuid": "e5efe1c1-6e0c-4604-a0b7-fcfeb7d31075",
              "parentUUID": "99005621-7f09-4f95-9fda-74f227d5ff59",
              "isHook": false,
              "skipped": false
            }
          ],
          "suites": [],
          "passes": [
            "e5efe1c1-6e0c-4604-a0b7-fcfeb7d31075"
          ],
          "failures": [],
          "pending": [],
          "skipped": [],
          "duration": 13,
          "root": false,
          "rootEmpty": false,
          "_timeout": 2000
        },
        {
          "uuid": "bde2008a-be34-4fc6-98a6-de458e24591d",
          "title": "Testing pluralize in example.js",
          "fullFile": "/home/erud1t3/Desktop/College/Spring2020/Software-Testing-2/Assignments/Mocha-Testing-CI/test/example.test.js",
          "file": "/test/example.test.js",
          "beforeHooks": [],
          "afterHooks": [],
          "tests": [
            {
              "title": "keeps singular when count is 1",
              "fullTitle": "Testing pluralize in example.js keeps singular when count is 1",
              "timedOut": false,
              "duration": 0,
              "state": "passed",
              "speed": "fast",
              "pass": true,
              "fail": false,
              "pending": false,
              "context": null,
              "code": "assert.strictEqual(pluralize(1, 'cat'), '1 cat');",
              "err": {},
              "uuid": "9ec47438-7156-4371-8fa2-31b611c01af3",
              "parentUUID": "bde2008a-be34-4fc6-98a6-de458e24591d",
              "isHook": false,
              "skipped": false
            }
          ],
          "suites": [],
          "passes": [
            "9ec47438-7156-4371-8fa2-31b611c01af3"
          ],
          "failures": [],
          "pending": [],
          "skipped": [],
          "duration": 0,
          "root": false,
          "rootEmpty": false,
          "_timeout": 2000
        }
      ],
      "passes": [],
      "failures": [],
      "pending": [],
      "skipped": [],
      "duration": 0,
      "root": true,
      "rootEmpty": true,
      "_timeout": 2000
    }
  ],
  "meta": {
    "mocha": {
      "version": "7.1.0"
    },
    "mochawesome": {
      "options": {
        "quiet": false,
        "reportFilename": "mochawesome",
        "saveHtml": true,
        "saveJson": true,
        "consoleReporter": "spec",
        "useInlineDiffs": false,
        "code": true
      },
      "version": "5.0.0"
    },
    "marge": {
      "options": null,
      "version": "4.1.0"
    }
  }
}